#
# There is insufficient memory for the Java Runtime Environment to continue.
# Native memory allocation (malloc) failed to allocate 76816 bytes. Error detail: Chunk::new
# Possible reasons:
#   The system is out of physical RAM or swap space
#   This process is running with CompressedOops enabled, and the Java Heap may be blocking the growth of the native heap
# Possible solutions:
#   Reduce memory load on the system
#   Increase physical memory or swap space
#   Check if swap backing store is full
#   Decrease Java heap size (-Xmx/-Xms)
#   Decrease number of Java threads
#   Decrease Java thread stack sizes (-Xss)
#   Set larger code cache with -XX:ReservedCodeCacheSize=
#   JVM is running with Unscaled Compressed Oops mode in which the Java heap is
#     placed in the first 4GB address space. The Java Heap base address is the
#     maximum limit for the native heap growth. Please use -XX:HeapBaseMinAddress
#     to set the Java Heap base and to place the Java Heap above 4GB virtual address.
# This output file may be truncated or incomplete.
#
#  Out of Memory Error (arena.cpp:149), pid=19656, tid=8800
#
# JRE version: OpenJDK Runtime Environment (23.0.1+13) (build 23.0.1+13)
# Java VM: OpenJDK 64-Bit Server VM (23.0.1+13, mixed mode, sharing, tiered, compressed oops, compressed class ptrs, g1 gc, windows-amd64)
# No core dump will be written. Minidumps are not enabled by default on client versions of Windows
#

---------------  S U M M A R Y ------------

Command Line: -javaagent:C:\Program Files\JetBrains\IntelliJ IDEA Community Edition 2024.3\lib\idea_rt.jar=52899:C:\Program Files\JetBrains\IntelliJ IDEA Community Edition 2024.3\bin -Dfile.encoding=UTF-8 -Dsun.stdout.encoding=UTF-8 -Dsun.stderr.encoding=UTF-8 Main

Host: Intel(R) Core(TM) i5-10210U CPU @ 1.60GHz, 8 cores, 7G,  Windows 11 , 64 bit Build 22621 (10.0.22621.4391)
Time: Sat Dec  7 19:19:45 2024 Malay Peninsula Standard Time elapsed time: 4869.615598 seconds (0d 1h 21m 9s)

---------------  T H R E A D  ---------------

Current thread (0x00000204e0913380):  JavaThread "C2 CompilerThread0" daemon [_thread_in_native, id=8800, stack(0x000000f272200000,0x000000f272300000) (1024K)]


Current CompileTask:
C2:4869615 7352       4       java.util.concurrent.ThreadPoolExecutor::execute (132 bytes)

Stack: [0x000000f272200000,0x000000f272300000]
Native frames: (J=compiled Java code, j=interpreted, Vv=VM code, C=native code)
V  [jvm.dll+0x6ef6e9]  (no source info available)
V  [jvm.dll+0x8e04a3]  (no source info available)
V  [jvm.dll+0x8e276e]  (no source info available)
V  [jvm.dll+0x8e2e53]  (no source info available)
V  [jvm.dll+0x2858c6]  (no source info available)
V  [jvm.dll+0xbc74f]  (no source info available)
V  [jvm.dll+0xbc9ab]  (no source info available)
V  [jvm.dll+0x5f3eb9]  (no source info available)
V  [jvm.dll+0x395c2a]  (no source info available)
V  [jvm.dll+0x39506a]  (no source info available)
V  [jvm.dll+0x24eb08]  (no source info available)
V  [jvm.dll+0x24deb1]  (no source info available)
V  [jvm.dll+0x1cb7aa]  (no source info available)
V  [jvm.dll+0x25dfeb]  (no source info available)
V  [jvm.dll+0x25c2aa]  (no source info available)
V  [jvm.dll+0x3faa06]  (no source info available)
V  [jvm.dll+0x8866a8]  (no source info available)
V  [jvm.dll+0x6edf05]  (no source info available)
C  [ucrtbase.dll+0x29333]  (no source info available)
C  [KERNEL32.DLL+0x1259d]  (no source info available)
C  [ntdll.dll+0x5af38]  (no source info available)

Lock stack of current Java thread (top to bottom):


---------------  P R O C E S S  ---------------

Threads class SMR info:
_java_thread_list=0x0000020531404160, length=20, elements={
0x00000204c259d3f0, 0x00000204e08d27f0, 0x00000204e08d37b0, 0x00000204e08d6be0,
0x00000204e08d7af0, 0x00000204e08e2570, 0x00000204e08e6120, 0x00000204e0913380,
0x00000204e0913e30, 0x00000204e08a56f0, 0x00000204e0c01460, 0x00000204e0c02ae0,
0x00000205260059c0, 0x00000205260b0550, 0x00000205260b4980, 0x00000205262d0270,
0x00000205262cd7c0, 0x000002052bd774a0, 0x000002052bd78850, 0x000002052bd76e10
}

Java Threads: ( => current thread )
  0x00000204c259d3f0 JavaThread "main"                              [_thread_blocked, id=14604, stack(0x000000f271400000,0x000000f271500000) (1024K)]
  0x00000204e08d27f0 JavaThread "Reference Handler"          daemon [_thread_blocked, id=16784, stack(0x000000f271c00000,0x000000f271d00000) (1024K)]
  0x00000204e08d37b0 JavaThread "Finalizer"                  daemon [_thread_blocked, id=5032, stack(0x000000f271d00000,0x000000f271e00000) (1024K)]
  0x00000204e08d6be0 JavaThread "Signal Dispatcher"          daemon [_thread_blocked, id=17356, stack(0x000000f271e00000,0x000000f271f00000) (1024K)]
  0x00000204e08d7af0 JavaThread "Attach Listener"            daemon [_thread_blocked, id=3380, stack(0x000000f271f00000,0x000000f272000000) (1024K)]
  0x00000204e08e2570 JavaThread "Service Thread"             daemon [_thread_blocked, id=12044, stack(0x000000f272000000,0x000000f272100000) (1024K)]
  0x00000204e08e6120 JavaThread "Monitor Deflation Thread"   daemon [_thread_blocked, id=19808, stack(0x000000f272100000,0x000000f272200000) (1024K)]
=>0x00000204e0913380 JavaThread "C2 CompilerThread0"         daemon [_thread_in_native, id=8800, stack(0x000000f272200000,0x000000f272300000) (1024K)]
  0x00000204e0913e30 JavaThread "C1 CompilerThread0"         daemon [_thread_blocked, id=16832, stack(0x000000f272300000,0x000000f272400000) (1024K)]
  0x00000204e08a56f0 JavaThread "Common-Cleaner"             daemon [_thread_blocked, id=1524, stack(0x000000f272400000,0x000000f272500000) (1024K)]
  0x00000204e0c01460 JavaThread "Monitor Ctrl-Break"         daemon [_thread_in_native, id=19576, stack(0x000000f272600000,0x000000f272700000) (1024K)]
  0x00000204e0c02ae0 JavaThread "Notification Thread"        daemon [_thread_blocked, id=19024, stack(0x000000f272700000,0x000000f272800000) (1024K)]
  0x00000205260059c0 JavaThread "QuantumRenderer-0"          daemon [_thread_blocked, id=20356, stack(0x000000f272800000,0x000000f272900000) (1024K)]
  0x00000205260b0550 JavaThread "InvokeLaterDispatcher"      daemon [_thread_blocked, id=17336, stack(0x000000f272900000,0x000000f272a00000) (1024K)]
  0x00000205260b4980 JavaThread "JavaFX Application Thread"         [_thread_in_native, id=19352, stack(0x000000f272a00000,0x000000f272b00000) (1024K)]
  0x00000205262d0270 JavaThread "JavaFX-Launcher"                   [_thread_blocked, id=8508, stack(0x000000f272f00000,0x000000f273000000) (1024K)]
  0x00000205262cd7c0 JavaThread "Thread-2"                   daemon [_thread_in_native, id=18556, stack(0x000000f272e00000,0x000000f272f00000) (1024K)]
  0x000002052bd774a0 JavaThread "Prism Font Disposer"        daemon [_thread_blocked, id=19800, stack(0x000000f273800000,0x000000f273900000) (1024K)]
  0x000002052bd78850 JavaThread "Cleaner-0"                  daemon [_thread_blocked, id=6444, stack(0x000000f273d00000,0x000000f273e00000) (1024K)]
  0x000002052bd76e10 JavaThread "mysql-cj-abandoned-connection-cleanup" daemon [_thread_blocked, id=120, stack(0x000000f273c00000,0x000000f273d00000) (1024K)]
Total: 20

Other Threads:
  0x00000204e08b5f00 VMThread "VM Thread"                           [id=4604, stack(0x000000f271b00000,0x000000f271c00000) (1024K)]
  0x00000204e08a4680 WatcherThread "VM Periodic Task Thread"        [id=2200, stack(0x000000f271a00000,0x000000f271b00000) (1024K)]
  0x00000204c25f41d0 WorkerThread "GC Thread#0"                     [id=16908, stack(0x000000f271500000,0x000000f271600000) (1024K)]
  0x00000204e08b6a10 WorkerThread "GC Thread#1"                     [id=18784, stack(0x000000f273100000,0x000000f273200000) (1024K)]
  0x000002052c131190 WorkerThread "GC Thread#2"                     [id=17620, stack(0x000000f273200000,0x000000f273300000) (1024K)]
  0x000002052c130a30 WorkerThread "GC Thread#3"                     [id=17376, stack(0x000000f273300000,0x000000f273400000) (1024K)]
  0x000002052c132400 WorkerThread "GC Thread#4"                     [id=1468, stack(0x000000f273400000,0x000000f273500000) (1024K)]
  0x000002052c12f410 WorkerThread "GC Thread#5"                     [id=19284, stack(0x000000f273500000,0x000000f273600000) (1024K)]
  0x000002052c1318f0 WorkerThread "GC Thread#6"                     [id=18924, stack(0x000000f273600000,0x000000f273700000) (1024K)]
  0x000002052c12f7c0 WorkerThread "GC Thread#7"                     [id=19356, stack(0x000000f273700000,0x000000f273800000) (1024K)]
  0x00000204c2608d90 ConcurrentGCThread "G1 Main Marker"            [id=19604, stack(0x000000f271600000,0x000000f271700000) (1024K)]
  0x00000204c260b8b0 WorkerThread "G1 Conc#0"                       [id=13824, stack(0x000000f271700000,0x000000f271800000) (1024K)]
  0x000002052c130680 WorkerThread "G1 Conc#1"                       [id=12488, stack(0x000000f273b00000,0x000000f273c00000) (1024K)]
  0x00000204e0779530 ConcurrentGCThread "G1 Refine#0"               [id=8140, stack(0x000000f271800000,0x000000f271900000) (1024K)]
  0x00000204e077a0b0 ConcurrentGCThread "G1 Service"                [id=20020, stack(0x000000f271900000,0x000000f271a00000) (1024K)]
Total: 15

Threads with active compile tasks:
C2 CompilerThread0  4869713 7352       4       java.util.concurrent.ThreadPoolExecutor::execute (132 bytes)
Total: 1

VM state: not at safepoint (normal execution)

VM Mutex/Monitor currently owned by a thread: None

Heap address: 0x0000000082800000, size: 2008 MB, Compressed Oops mode: 32-bit

CDS archive(s) mapped at: [0x00000204e1000000-0x00000204e1d80000-0x00000204e1d80000), size 14155776, SharedBaseAddress: 0x00000204e1000000, ArchiveRelocationMode: 1.
Compressed class space mapped at: 0x00000204e2000000-0x0000020522000000, reserved size: 1073741824
Narrow klass base: 0x00000204e1000000, Narrow klass shift: 0, Narrow klass range: 0x41000000

GC Precious Log:
 CardTable entry size: 512
 Card Set container configuration: InlinePtr #cards 5 size 8 Array Of Cards #cards 10 size 36 Howl #buckets 4 coarsen threshold 1843 Howl Bitmap #cards 512 size 80 coarsen threshold 460 Card regions per heap region 1 cards per card region 2048
 CPUs: 8 total, 8 available
 Memory: 8025M
 Large Page Support: Disabled
 NUMA Support: Disabled
 Compressed Oops: Enabled (32-bit)
 Heap Region Size: 1M
 Heap Min Capacity: 8M
 Heap Initial Capacity: 126M
 Heap Max Capacity: 2008M
 Pre-touch: Disabled
 Parallel Workers: 8
 Concurrent Workers: 2
 Concurrent Refinement Workers: 8
 Periodic GC: Disabled

Heap:
 garbage-first heap   total reserved 2056192K, committed 56320K, used 40615K [0x0000000082800000, 0x0000000100000000)
  region size 1024K, 17 young (17408K), 1 survivors (1024K)
 Metaspace       used 31636K, committed 32192K, reserved 1114112K
  class space    used 4306K, committed 4544K, reserved 1048576K

Heap Regions: E=young(eden), S=young(survivor), O=old, HS=humongous(starts), HC=humongous(continues), CS=collection set, F=free, TAMS=top-at-mark-start, PB=parsable bottom
|   0|0x0000000082800000, 0x0000000082800000, 0x0000000082900000|  0%| F|  |TAMS 0x0000000082800000| PB 0x0000000082800000| Untracked |  0
|   1|0x0000000082900000, 0x00000000829a25c0, 0x0000000082a00000| 63%| O|  |TAMS 0x0000000082900000| PB 0x0000000082900000| Untracked |  0
|   2|0x0000000082a00000, 0x0000000082a00000, 0x0000000082b00000|  0%| F|  |TAMS 0x0000000082a00000| PB 0x0000000082a00000| Untracked |  0
|   3|0x0000000082b00000, 0x0000000082b00000, 0x0000000082c00000|  0%| F|  |TAMS 0x0000000082b00000| PB 0x0000000082b00000| Untracked |  0
|   4|0x0000000082c00000, 0x0000000082d00000, 0x0000000082d00000|100%| O|  |TAMS 0x0000000082c00000| PB 0x0000000082c00000| Untracked |  0
|   5|0x0000000082d00000, 0x0000000082e00000, 0x0000000082e00000|100%| O|  |TAMS 0x0000000082d00000| PB 0x0000000082d00000| Untracked |  0
|   6|0x0000000082e00000, 0x0000000082f00000, 0x0000000082f00000|100%| O|  |TAMS 0x0000000082e00000| PB 0x0000000082e00000| Untracked |  0
|   7|0x0000000082f00000, 0x0000000083000000, 0x0000000083000000|100%| O|  |TAMS 0x0000000082f00000| PB 0x0000000082f00000| Untracked |  0
|   8|0x0000000083000000, 0x0000000083100000, 0x0000000083100000|100%| O|  |TAMS 0x0000000083000000| PB 0x0000000083000000| Untracked |  1
|   9|0x0000000083100000, 0x0000000083200000, 0x0000000083200000|100%| O|  |TAMS 0x0000000083100000| PB 0x0000000083100000| Untracked |  0
|  10|0x0000000083200000, 0x0000000083300000, 0x0000000083300000|100%| O|  |TAMS 0x0000000083200000| PB 0x0000000083200000| Untracked |  0
|  11|0x0000000083300000, 0x0000000083300000, 0x0000000083400000|  0%| F|  |TAMS 0x0000000083300000| PB 0x0000000083300000| Untracked |  0
|  12|0x0000000083400000, 0x0000000083500000, 0x0000000083500000|100%|HS|  |TAMS 0x0000000083400000| PB 0x0000000083400000| Complete |  0
|  13|0x0000000083500000, 0x0000000083600000, 0x0000000083600000|100%|HC|  |TAMS 0x0000000083500000| PB 0x0000000083500000| Complete |  0
|  14|0x0000000083600000, 0x0000000083700000, 0x0000000083700000|100%| O|  |TAMS 0x0000000083600000| PB 0x0000000083600000| Untracked |  0
|  15|0x0000000083700000, 0x0000000083800000, 0x0000000083800000|100%| O|  |TAMS 0x0000000083700000| PB 0x0000000083700000| Untracked |  0
|  16|0x0000000083800000, 0x0000000083900000, 0x0000000083900000|100%| O|  |TAMS 0x0000000083800000| PB 0x0000000083800000| Untracked |  0
|  17|0x0000000083900000, 0x0000000083a00000, 0x0000000083a00000|100%| O|  |TAMS 0x0000000083900000| PB 0x0000000083900000| Untracked |  0
|  18|0x0000000083a00000, 0x0000000083b00000, 0x0000000083b00000|100%| O|  |TAMS 0x0000000083a00000| PB 0x0000000083a00000| Untracked |  0
|  19|0x0000000083b00000, 0x0000000083c00000, 0x0000000083c00000|100%| O|  |TAMS 0x0000000083b00000| PB 0x0000000083b00000| Untracked |  0
|  20|0x0000000083c00000, 0x0000000083d00000, 0x0000000083d00000|100%| O|  |TAMS 0x0000000083c00000| PB 0x0000000083c00000| Untracked |  0
|  21|0x0000000083d00000, 0x0000000083e00000, 0x0000000083e00000|100%| O|  |TAMS 0x0000000083d00000| PB 0x0000000083d00000| Untracked |  0
|  22|0x0000000083e00000, 0x0000000083f00000, 0x0000000083f00000|100%| O|  |TAMS 0x0000000083e00000| PB 0x0000000083e00000| Untracked |  0
|  23|0x0000000083f00000, 0x0000000084000000, 0x0000000084000000|100%| O|  |TAMS 0x0000000083f00000| PB 0x0000000083f00000| Untracked |  0
|  24|0x0000000084000000, 0x0000000084100000, 0x0000000084100000|100%| O|  |TAMS 0x0000000084000000| PB 0x0000000084000000| Untracked |  0
|  25|0x0000000084100000, 0x0000000084200000, 0x0000000084200000|100%| O|  |TAMS 0x0000000084100000| PB 0x0000000084100000| Untracked |  0
|  26|0x0000000084200000, 0x0000000084300000, 0x0000000084300000|100%| O|  |TAMS 0x0000000084200000| PB 0x0000000084200000| Untracked |  0
|  27|0x0000000084300000, 0x0000000084400000, 0x0000000084400000|100%| O|  |TAMS 0x0000000084300000| PB 0x0000000084300000| Untracked |  0
|  28|0x0000000084400000, 0x0000000084400000, 0x0000000084500000|  0%| F|  |TAMS 0x0000000084400000| PB 0x0000000084400000| Untracked |  0
|  29|0x0000000084500000, 0x00000000845078f0, 0x0000000084600000|  2%| S|CS|TAMS 0x0000000084500000| PB 0x0000000084500000| Complete |  0
|  30|0x0000000084600000, 0x0000000084600000, 0x0000000084700000|  0%| F|  |TAMS 0x0000000084600000| PB 0x0000000084600000| Untracked |  0
|  31|0x0000000084700000, 0x0000000084700000, 0x0000000084800000|  0%| F|  |TAMS 0x0000000084700000| PB 0x0000000084700000| Untracked |  0
|  32|0x0000000084800000, 0x0000000084800000, 0x0000000084900000|  0%| F|  |TAMS 0x0000000084800000| PB 0x0000000084800000| Untracked |  0
|  33|0x0000000084900000, 0x0000000084900000, 0x0000000084a00000|  0%| F|  |TAMS 0x0000000084900000| PB 0x0000000084900000| Untracked |  0
|  34|0x0000000084a00000, 0x0000000084a00000, 0x0000000084b00000|  0%| F|  |TAMS 0x0000000084a00000| PB 0x0000000084a00000| Untracked |  0
|  35|0x0000000084b00000, 0x0000000084b00000, 0x0000000084c00000|  0%| F|  |TAMS 0x0000000084b00000| PB 0x0000000084b00000| Untracked |  0
|  36|0x0000000084c00000, 0x0000000084c00000, 0x0000000084d00000|  0%| F|  |TAMS 0x0000000084c00000| PB 0x0000000084c00000| Untracked |  0
|  37|0x0000000084d00000, 0x0000000084d00000, 0x0000000084e00000|  0%| F|  |TAMS 0x0000000084d00000| PB 0x0000000084d00000| Untracked |  0
|  38|0x0000000084e00000, 0x0000000084e75fd0, 0x0000000084f00000| 46%| E|  |TAMS 0x0000000084e00000| PB 0x0000000084e00000| Complete |  0
|  39|0x0000000084f00000, 0x0000000085000000, 0x0000000085000000|100%| E|CS|TAMS 0x0000000084f00000| PB 0x0000000084f00000| Complete |  0
|  40|0x0000000085000000, 0x0000000085100000, 0x0000000085100000|100%| E|CS|TAMS 0x0000000085000000| PB 0x0000000085000000| Complete |  0
|  41|0x0000000085100000, 0x0000000085200000, 0x0000000085200000|100%| E|CS|TAMS 0x0000000085100000| PB 0x0000000085100000| Complete |  0
|  42|0x0000000085200000, 0x0000000085300000, 0x0000000085300000|100%| E|CS|TAMS 0x0000000085200000| PB 0x0000000085200000| Complete |  0
|  43|0x0000000085300000, 0x0000000085400000, 0x0000000085400000|100%| E|CS|TAMS 0x0000000085300000| PB 0x0000000085300000| Complete |  0
|  44|0x0000000085400000, 0x0000000085500000, 0x0000000085500000|100%| E|CS|TAMS 0x0000000085400000| PB 0x0000000085400000| Complete |  0
|  45|0x0000000085500000, 0x0000000085600000, 0x0000000085600000|100%| E|CS|TAMS 0x0000000085500000| PB 0x0000000085500000| Complete |  0
|  46|0x0000000085600000, 0x0000000085700000, 0x0000000085700000|100%| E|CS|TAMS 0x0000000085600000| PB 0x0000000085600000| Complete |  0
|  47|0x0000000085700000, 0x0000000085800000, 0x0000000085800000|100%| E|CS|TAMS 0x0000000085700000| PB 0x0000000085700000| Complete |  0
|  48|0x0000000085800000, 0x0000000085900000, 0x0000000085900000|100%| E|CS|TAMS 0x0000000085800000| PB 0x0000000085800000| Complete |  0
| 117|0x0000000089d00000, 0x0000000089e00000, 0x0000000089e00000|100%| E|CS|TAMS 0x0000000089d00000| PB 0x0000000089d00000| Complete |  0
| 118|0x0000000089e00000, 0x0000000089f00000, 0x0000000089f00000|100%| E|CS|TAMS 0x0000000089e00000| PB 0x0000000089e00000| Complete |  0
| 119|0x0000000089f00000, 0x000000008a000000, 0x000000008a000000|100%| E|CS|TAMS 0x0000000089f00000| PB 0x0000000089f00000| Complete |  0
| 120|0x000000008a000000, 0x000000008a100000, 0x000000008a100000|100%| E|CS|TAMS 0x000000008a000000| PB 0x000000008a000000| Complete |  0
| 125|0x000000008a500000, 0x000000008a600000, 0x000000008a600000|100%| E|CS|TAMS 0x000000008a500000| PB 0x000000008a500000| Complete |  0
|2007|0x00000000fff00000, 0x0000000100000000, 0x0000000100000000|100%| O|  |TAMS 0x00000000fff00000| PB 0x00000000fff00000| Untracked |  0

Card table byte_map: [0x00000204dbb60000,0x00000204dbf50000] _byte_map_base: 0x00000204db74c000

Marking Bits: (CMBitMap*) 0x00000204c25f48e0
 Bits: [0x00000204dbf50000, 0x00000204ddeb0000)

Polling page: 0x00000204c03d0000

Metaspace:

Usage:
  Non-class:     26.69 MB used.
      Class:      4.21 MB used.
       Both:     30.90 MB used.

Virtual space:
  Non-class space:       64.00 MB reserved,      27.00 MB ( 42%) committed,  1 nodes.
      Class space:        1.00 GB reserved,       4.44 MB ( <1%) committed,  1 nodes.
             Both:        1.06 GB reserved,      31.44 MB (  3%) committed. 

Chunk freelists:
   Non-Class:  4.99 MB
       Class:  11.60 MB
        Both:  16.59 MB

MaxMetaspaceSize: unlimited
CompressedClassSpaceSize: 1.00 GB
Initial GC threshold: 21.00 MB
Current GC threshold: 52.44 MB
CDS: on
 - commit_granule_bytes: 65536.
 - commit_granule_words: 8192.
 - virtual_space_node_default_size: 8388608.
 - enlarge_chunks_in_place: 1.
 - use_allocation_guard: 0.


Internal statistics:

num_allocs_failed_limit: 3.
num_arena_births: 442.
num_arena_deaths: 184.
num_vsnodes_births: 2.
num_vsnodes_deaths: 0.
num_space_committed: 503.
num_space_uncommitted: 0.
num_chunks_returned_to_freelist: 198.
num_chunks_taken_from_freelist: 1412.
num_chunk_merges: 53.
num_chunk_splits: 962.
num_chunks_enlarged: 696.
num_inconsistent_stats: 0.

CodeHeap 'non-profiled nmethods': size=120064Kb used=3223Kb max_used=3590Kb free=116840Kb
 bounds [0x00000204d3df0000, 0x00000204d4180000, 0x00000204db330000]
CodeHeap 'profiled nmethods': size=120000Kb used=9454Kb max_used=12052Kb free=110545Kb
 bounds [0x00000204cc330000, 0x00000204ccf00000, 0x00000204d3860000]
CodeHeap 'non-nmethods': size=5696Kb used=1930Kb max_used=2044Kb free=3765Kb
 bounds [0x00000204d3860000, 0x00000204d3ad0000, 0x00000204d3df0000]
CodeCache: size=245760Kb, used=14607Kb, max_used=17686Kb, free=231150Kb
 total_blobs=7127, nmethods=6182, adapters=849, full_count=0
Compilation: enabled, stopped_count=0, restarted_count=0

Compilation events (20 events):
Event: 4842.191 Thread 0x00000204e0913380 nmethod 7342 0x00000204d4052008 code [0x00000204d4052120, 0x00000204d4052358]
Event: 4842.328 Thread 0x00000204e0913e30 7343   !   3       com.sun.glass.ui.InvokeLaterDispatcher::run (153 bytes)
Event: 4842.329 Thread 0x00000204e0913e30 nmethod 7343 0x00000204cc52c488 code [0x00000204cc52c6c0, 0x00000204cc52d588]
Event: 4851.687 Thread 0x00000204e0913380 7344       4       com.sun.prism.impl.BaseGraphics::scale (28 bytes)
Event: 4851.697 Thread 0x00000204e0913380 nmethod 7344 0x00000204d3f59f08 code [0x00000204d3f5a080, 0x00000204d3f5a3e0]
Event: 4852.087 Thread 0x00000204e0913380 7345       4       javafx.scene.Scene::syncLights (177 bytes)
Event: 4852.091 Thread 0x00000204e0913380 nmethod 7345 0x00000204d3f9fd08 code [0x00000204d3f9fe20, 0x00000204d3f9ff08]
Event: 4856.440 Thread 0x00000204e0913380 7346   !   4       java.lang.Object::wait (53 bytes)
Event: 4856.441 Thread 0x00000204e0913380 nmethod 7346 0x00000204d4063488 code [0x00000204d40635a0, 0x00000204d4063690]
Event: 4866.441 Thread 0x00000204e0913380 7347       4       com.sun.javafx.tk.quantum.ViewPainter::doPaint (199 bytes)
Event: 4866.456 Thread 0x00000204e0913380 nmethod 7347 0x00000204d3f61888 code [0x00000204d3f61a40, 0x00000204d3f62088]
Event: 4868.440 Thread 0x00000204e0913380 7348       4       com.sun.glass.ui.View::getWidth (8 bytes)
Event: 4868.441 Thread 0x00000204e0913380 nmethod 7348 0x00000204d4082b88 code [0x00000204d4082c80, 0x00000204d4082d38]
Event: 4869.202 Thread 0x00000204e0913380 7349       4       java.util.concurrent.CountDownLatch$Sync::tryReleaseShared (37 bytes)
Event: 4869.204 Thread 0x00000204e0913380 nmethod 7349 0x00000204d3f5e408 code [0x00000204d3f5e500, 0x00000204d3f5e5d8]
Event: 4869.259 Thread 0x00000204e0913380 7350       4       com.sun.glass.ui.Window::isVisible (8 bytes)
Event: 4869.261 Thread 0x00000204e0913380 nmethod 7350 0x00000204d402ca88 code [0x00000204d402cb80, 0x00000204d402cc38]
Event: 4869.448 Thread 0x00000204e0913380 7351       4       java.util.concurrent.ThreadPoolExecutor$Worker::unlock (7 bytes)
Event: 4869.450 Thread 0x00000204e0913380 nmethod 7351 0x00000204d409e308 code [0x00000204d409e420, 0x00000204d409e588]
Event: 4869.591 Thread 0x00000204e0913380 7352       4       java.util.concurrent.ThreadPoolExecutor::execute (132 bytes)

GC Heap History (20 events):
Event: 3.653 GC heap before
{Heap before GC invocations=2 (full 0):
 garbage-first heap   total reserved 2056192K, committed 129024K, used 18617K [0x0000000082800000, 0x0000000100000000)
  region size 1024K, 8 young (8192K), 3 survivors (3072K)
 Metaspace       used 21179K, committed 21504K, reserved 1114112K
  class space    used 3106K, committed 3264K, reserved 1048576K
}
Event: 3.656 GC heap after
{Heap after GC invocations=3 (full 0):
 garbage-first heap   total reserved 2056192K, committed 129024K, used 15471K [0x0000000082800000, 0x0000000100000000)
  region size 1024K, 4 young (4096K), 4 survivors (4096K)
 Metaspace       used 21179K, committed 21504K, reserved 1114112K
  class space    used 3106K, committed 3264K, reserved 1048576K
}
Event: 24.303 GC heap before
{Heap before GC invocations=4 (full 0):
 garbage-first heap   total reserved 2056192K, committed 55296K, used 45167K [0x0000000082800000, 0x0000000100000000)
  region size 1024K, 32 young (32768K), 4 survivors (4096K)
 Metaspace       used 28589K, committed 28992K, reserved 1114112K
  class space    used 3935K, committed 4096K, reserved 1048576K
}
Event: 24.310 GC heap after
{Heap after GC invocations=5 (full 0):
 garbage-first heap   total reserved 2056192K, committed 56320K, used 22227K [0x0000000082800000, 0x0000000100000000)
  region size 1024K, 4 young (4096K), 4 survivors (4096K)
 Metaspace       used 28589K, committed 28992K, reserved 1114112K
  class space    used 3935K, committed 4096K, reserved 1048576K
}
Event: 28.145 GC heap before
{Heap before GC invocations=5 (full 0):
 garbage-first heap   total reserved 2056192K, committed 56320K, used 41683K [0x0000000082800000, 0x0000000100000000)
  region size 1024K, 23 young (23552K), 4 survivors (4096K)
 Metaspace       used 29782K, committed 30144K, reserved 1114112K
  class space    used 4142K, committed 4288K, reserved 1048576K
}
Event: 28.150 GC heap after
{Heap after GC invocations=6 (full 0):
 garbage-first heap   total reserved 2056192K, committed 56320K, used 24266K [0x0000000082800000, 0x0000000100000000)
  region size 1024K, 2 young (2048K), 2 survivors (2048K)
 Metaspace       used 29782K, committed 30144K, reserved 1114112K
  class space    used 4142K, committed 4288K, reserved 1048576K
}
Event: 42.465 GC heap before
{Heap before GC invocations=6 (full 0):
 garbage-first heap   total reserved 2056192K, committed 56320K, used 43722K [0x0000000082800000, 0x0000000100000000)
  region size 1024K, 21 young (21504K), 2 survivors (2048K)
 Metaspace       used 31417K, committed 31744K, reserved 1114112K
  class space    used 4331K, committed 4480K, reserved 1048576K
}
Event: 42.470 GC heap after
{Heap after GC invocations=7 (full 0):
 garbage-first heap   total reserved 2056192K, committed 56320K, used 27833K [0x0000000082800000, 0x0000000100000000)
  region size 1024K, 3 young (3072K), 3 survivors (3072K)
 Metaspace       used 31417K, committed 31744K, reserved 1114112K
  class space    used 4331K, committed 4480K, reserved 1048576K
}
Event: 66.947 GC heap before
{Heap before GC invocations=7 (full 0):
 garbage-first heap   total reserved 2056192K, committed 56320K, used 45241K [0x0000000082800000, 0x0000000100000000)
  region size 1024K, 20 young (20480K), 3 survivors (3072K)
 Metaspace       used 31784K, committed 32192K, reserved 1114112K
  class space    used 4352K, committed 4544K, reserved 1048576K
}
Event: 66.960 GC heap after
{Heap after GC invocations=8 (full 0):
 garbage-first heap   total reserved 2056192K, committed 56320K, used 29830K [0x0000000082800000, 0x0000000100000000)
  region size 1024K, 2 young (2048K), 2 survivors (2048K)
 Metaspace       used 31784K, committed 32192K, reserved 1114112K
  class space    used 4352K, committed 4544K, reserved 1048576K
}
Event: 4520.089 GC heap before
{Heap before GC invocations=9 (full 0):
 garbage-first heap   total reserved 2056192K, committed 56320K, used 42118K [0x0000000082800000, 0x0000000100000000)
  region size 1024K, 18 young (18432K), 2 survivors (2048K)
 Metaspace       used 31788K, committed 32192K, reserved 1114112K
  class space    used 4352K, committed 4544K, reserved 1048576K
}
Event: 4520.095 GC heap after
{Heap after GC invocations=10 (full 0):
 garbage-first heap   total reserved 2056192K, committed 56320K, used 26095K [0x0000000082800000, 0x0000000100000000)
  region size 1024K, 1 young (1024K), 1 survivors (1024K)
 Metaspace       used 31788K, committed 32192K, reserved 1114112K
  class space    used 4352K, committed 4544K, reserved 1048576K
}
Event: 4587.944 GC heap before
{Heap before GC invocations=10 (full 0):
 garbage-first heap   total reserved 2056192K, committed 56320K, used 46575K [0x0000000082800000, 0x0000000100000000)
  region size 1024K, 21 young (21504K), 1 survivors (1024K)
 Metaspace       used 31788K, committed 32192K, reserved 1114112K
  class space    used 4352K, committed 4544K, reserved 1048576K
}
Event: 4587.949 GC heap after
{Heap after GC invocations=11 (full 0):
 garbage-first heap   total reserved 2056192K, committed 56320K, used 25967K [0x0000000082800000, 0x0000000100000000)
  region size 1024K, 1 young (1024K), 1 survivors (1024K)
 Metaspace       used 31788K, committed 32192K, reserved 1114112K
  class space    used 4352K, committed 4544K, reserved 1048576K
}
Event: 4659.449 GC heap before
{Heap before GC invocations=11 (full 0):
 garbage-first heap   total reserved 2056192K, committed 56320K, used 47471K [0x0000000082800000, 0x0000000100000000)
  region size 1024K, 22 young (22528K), 1 survivors (1024K)
 Metaspace       used 31794K, committed 32192K, reserved 1114112K
  class space    used 4352K, committed 4544K, reserved 1048576K
}
Event: 4659.467 GC heap after
{Heap after GC invocations=12 (full 0):
 garbage-first heap   total reserved 2056192K, committed 56320K, used 25915K [0x0000000082800000, 0x0000000100000000)
  region size 1024K, 1 young (1024K), 1 survivors (1024K)
 Metaspace       used 31794K, committed 32192K, reserved 1114112K
  class space    used 4352K, committed 4544K, reserved 1048576K
}
Event: 4736.443 GC heap before
{Heap before GC invocations=13 (full 0):
 garbage-first heap   total reserved 2056192K, committed 56320K, used 48443K [0x0000000082800000, 0x0000000100000000)
  region size 1024K, 23 young (23552K), 1 survivors (1024K)
 Metaspace       used 31634K, committed 32192K, reserved 1114112K
  class space    used 4306K, committed 4544K, reserved 1048576K
}
Event: 4736.448 GC heap after
{Heap after GC invocations=14 (full 0):
 garbage-first heap   total reserved 2056192K, committed 56320K, used 25910K [0x0000000082800000, 0x0000000100000000)
  region size 1024K, 1 young (1024K), 1 survivors (1024K)
 Metaspace       used 31634K, committed 32192K, reserved 1114112K
  class space    used 4306K, committed 4544K, reserved 1048576K
}
Event: 4816.089 GC heap before
{Heap before GC invocations=14 (full 0):
 garbage-first heap   total reserved 2056192K, committed 56320K, used 49462K [0x0000000082800000, 0x0000000100000000)
  region size 1024K, 24 young (24576K), 1 survivors (1024K)
 Metaspace       used 31634K, committed 32192K, reserved 1114112K
  class space    used 4306K, committed 4544K, reserved 1048576K
}
Event: 4816.096 GC heap after
{Heap after GC invocations=15 (full 0):
 garbage-first heap   total reserved 2056192K, committed 56320K, used 25255K [0x0000000082800000, 0x0000000100000000)
  region size 1024K, 1 young (1024K), 1 survivors (1024K)
 Metaspace       used 31634K, committed 32192K, reserved 1114112K
  class space    used 4306K, committed 4544K, reserved 1048576K
}

Dll operation events (20 events):
Event: 0.321 Loaded shared library C:\Users\natha\.jdks\liberica-full-23.0.1\bin\api-ms-win-crt-locale-l1-1-0.dll
Event: 0.323 Loaded shared library C:\Users\natha\.jdks\liberica-full-23.0.1\bin\api-ms-win-crt-math-l1-1-0.dll
Event: 0.325 Loaded shared library C:\Users\natha\.jdks\liberica-full-23.0.1\bin\api-ms-win-crt-multibyte-l1-1-0.dll
Event: 0.327 Loaded shared library C:\Users\natha\.jdks\liberica-full-23.0.1\bin\api-ms-win-crt-private-l1-1-0.dll
Event: 0.329 Loaded shared library C:\Users\natha\.jdks\liberica-full-23.0.1\bin\api-ms-win-crt-process-l1-1-0.dll
Event: 0.331 Loaded shared library C:\Users\natha\.jdks\liberica-full-23.0.1\bin\api-ms-win-crt-runtime-l1-1-0.dll
Event: 0.333 Loaded shared library C:\Users\natha\.jdks\liberica-full-23.0.1\bin\api-ms-win-crt-stdio-l1-1-0.dll
Event: 0.335 Loaded shared library C:\Users\natha\.jdks\liberica-full-23.0.1\bin\api-ms-win-crt-string-l1-1-0.dll
Event: 0.337 Loaded shared library C:\Users\natha\.jdks\liberica-full-23.0.1\bin\api-ms-win-crt-time-l1-1-0.dll
Event: 0.339 Loaded shared library C:\Users\natha\.jdks\liberica-full-23.0.1\bin\api-ms-win-crt-utility-l1-1-0.dll
Event: 0.341 Loaded shared library C:\Users\natha\.jdks\liberica-full-23.0.1\bin\ucrtbase.dll
Event: 0.342 Loaded shared library C:\Users\natha\.jdks\liberica-full-23.0.1\bin\vcruntime140.dll
Event: 0.344 Loaded shared library C:\Users\natha\.jdks\liberica-full-23.0.1\bin\vcruntime140_1.dll
Event: 0.345 Loaded shared library C:\Users\natha\.jdks\liberica-full-23.0.1\bin\msvcp140.dll
Event: 0.347 Loaded shared library C:\Users\natha\.jdks\liberica-full-23.0.1\bin\msvcp140_1.dll
Event: 0.349 Loaded shared library C:\Users\natha\.jdks\liberica-full-23.0.1\bin\msvcp140_2.dll
Event: 0.396 Loaded shared library C:\Users\natha\.jdks\liberica-full-23.0.1\bin\prism_d3d.dll
Event: 0.444 Loaded shared library C:\Users\natha\.jdks\liberica-full-23.0.1\bin\glass.dll
Event: 1.062 Loaded shared library C:\Users\natha\.jdks\liberica-full-23.0.1\bin\javafx_font.dll
Event: 2.037 Loaded shared library C:\Users\natha\.jdks\liberica-full-23.0.1\bin\sunmscapi.dll

Deoptimization events (20 events):
Event: 4577.176 Thread 0x00000205260059c0 Uncommon trap: trap_request=0xffffffbe fr.pc=0x00000204d4150180 relative=0x0000000000001080
Event: 4577.176 Thread 0x00000205260059c0 Uncommon trap: reason=profile_predicate action=maybe_recompile pc=0x00000204d4150180 method=com.sun.prism.impl.ps.PaintHelper.setMultiGradient(Lcom/sun/prism/ps/Shader;Lcom/sun/prism/paint/Gradient;)V @ 24 c2
Event: 4577.176 Thread 0x00000205260059c0 DEOPT PACKING pc=0x00000204d4150180 sp=0x000000f2728fe0c0
Event: 4577.176 Thread 0x00000205260059c0 DEOPT UNPACKING pc=0x00000204d38b4402 sp=0x000000f2728fe080 mode 2
Event: 4577.179 Thread 0x00000205260059c0 Uncommon trap: trap_request=0xffffffbe fr.pc=0x00000204d4150180 relative=0x0000000000001080
Event: 4577.179 Thread 0x00000205260059c0 Uncommon trap: reason=profile_predicate action=maybe_recompile pc=0x00000204d4150180 method=com.sun.prism.impl.ps.PaintHelper.setMultiGradient(Lcom/sun/prism/ps/Shader;Lcom/sun/prism/paint/Gradient;)V @ 24 c2
Event: 4577.179 Thread 0x00000205260059c0 DEOPT PACKING pc=0x00000204d4150180 sp=0x000000f2728fe0c0
Event: 4577.179 Thread 0x00000205260059c0 DEOPT UNPACKING pc=0x00000204d38b4402 sp=0x000000f2728fe080 mode 2
Event: 4577.183 Thread 0x00000205260059c0 Uncommon trap: trap_request=0xffffffbe fr.pc=0x00000204d4150180 relative=0x0000000000001080
Event: 4577.183 Thread 0x00000205260059c0 Uncommon trap: reason=profile_predicate action=maybe_recompile pc=0x00000204d4150180 method=com.sun.prism.impl.ps.PaintHelper.setMultiGradient(Lcom/sun/prism/ps/Shader;Lcom/sun/prism/paint/Gradient;)V @ 24 c2
Event: 4577.183 Thread 0x00000205260059c0 DEOPT PACKING pc=0x00000204d4150180 sp=0x000000f2728fe0c0
Event: 4577.183 Thread 0x00000205260059c0 DEOPT UNPACKING pc=0x00000204d38b4402 sp=0x000000f2728fe080 mode 2
Event: 4600.100 Thread 0x00000205260b4980 Uncommon trap: trap_request=0xffffffbe fr.pc=0x00000204d4023f5c relative=0x000000000000229c
Event: 4600.101 Thread 0x00000205260b4980 Uncommon trap: reason=profile_predicate action=maybe_recompile pc=0x00000204d4023f5c method=javafx.scene.CssStyleHelper.getStyle(Ljavafx/css/Styleable;Ljava/lang/String;Lcom/sun/javafx/css/StyleMap;Ljava/util/Set;)Lcom/sun/javafx/css/CascadingStyle; @ 94 
Event: 4600.101 Thread 0x00000205260b4980 DEOPT PACKING pc=0x00000204d4023f5c sp=0x000000f272afd6b0
Event: 4600.101 Thread 0x00000205260b4980 DEOPT UNPACKING pc=0x00000204d38b4402 sp=0x000000f272afd5c0 mode 2
Event: 4608.170 Thread 0x00000205260b4980 Uncommon trap: trap_request=0xffffffbe fr.pc=0x00000204d4023f5c relative=0x000000000000229c
Event: 4608.170 Thread 0x00000205260b4980 Uncommon trap: reason=profile_predicate action=maybe_recompile pc=0x00000204d4023f5c method=javafx.scene.CssStyleHelper.getStyle(Ljavafx/css/Styleable;Ljava/lang/String;Lcom/sun/javafx/css/StyleMap;Ljava/util/Set;)Lcom/sun/javafx/css/CascadingStyle; @ 94 
Event: 4608.170 Thread 0x00000205260b4980 DEOPT PACKING pc=0x00000204d4023f5c sp=0x000000f272afd720
Event: 4608.170 Thread 0x00000205260b4980 DEOPT UNPACKING pc=0x00000204d38b4402 sp=0x000000f272afd630 mode 2

Classes loaded (20 events):
Event: 47.646 Loading class java/time/format/FormatStyle
Event: 47.646 Loading class java/time/format/FormatStyle done
Event: 47.646 Loading class java/time/format/DateTimeFormatterBuilder$LocalizedPrinterParser
Event: 47.647 Loading class java/time/format/DateTimeFormatterBuilder$LocalizedPrinterParser done
Event: 47.648 Loading class sun/util/locale/provider/JavaTimeDateTimePatternImpl
Event: 47.649 Loading class sun/util/locale/provider/JavaTimeDateTimePatternImpl done
Event: 49.863 Loading class java/text/ParsePosition
Event: 49.863 Loading class java/text/ParsePosition done
Event: 49.863 Loading class java/time/format/DateTimeParseContext
Event: 49.863 Loading class java/time/format/DateTimeParseContext done
Event: 49.863 Loading class java/time/format/Parsed
Event: 49.863 Loading class java/time/format/Parsed done
Event: 49.864 Loading class java/lang/invoke/WrongMethodTypeException
Event: 49.867 Loading class java/lang/invoke/WrongMethodTypeException done
Event: 49.867 Loading class java/lang/Throwable$WrappedPrintStream
Event: 49.867 Loading class java/lang/Throwable$PrintStreamOrWriter
Event: 49.867 Loading class java/lang/Throwable$PrintStreamOrWriter done
Event: 49.867 Loading class java/lang/Throwable$WrappedPrintStream done
Event: 4513.351 Loading class java/util/Collections$UnmodifiableMap$UnmodifiableEntrySet$1
Event: 4513.351 Loading class java/util/Collections$UnmodifiableMap$UnmodifiableEntrySet$1 done

Classes unloaded (20 events):
Event: 4659.533 Thread 0x00000204e08b5f00 Unloading class 0x00000204e201cc00 'java/lang/invoke/LambdaForm$MH+0x00000204e201cc00'
Event: 4659.533 Thread 0x00000204e08b5f00 Unloading class 0x00000204e201c800 'java/lang/invoke/LambdaForm$MH+0x00000204e201c800'
Event: 4659.533 Thread 0x00000204e08b5f00 Unloading class 0x00000204e201c400 'java/lang/invoke/LambdaForm$MH+0x00000204e201c400'
Event: 4659.533 Thread 0x00000204e08b5f00 Unloading class 0x00000204e201bc00 'java/lang/invoke/LambdaForm$MH+0x00000204e201bc00'
Event: 4659.533 Thread 0x00000204e08b5f00 Unloading class 0x00000204e201b800 'java/lang/invoke/LambdaForm$MH+0x00000204e201b800'
Event: 4659.533 Thread 0x00000204e08b5f00 Unloading class 0x00000204e201b400 'java/lang/invoke/LambdaForm$MH+0x00000204e201b400'
Event: 4659.533 Thread 0x00000204e08b5f00 Unloading class 0x00000204e201ac00 'java/lang/invoke/LambdaForm$MH+0x00000204e201ac00'
Event: 4659.533 Thread 0x00000204e08b5f00 Unloading class 0x00000204e201a000 'java/lang/invoke/LambdaForm$MH+0x00000204e201a000'
Event: 4659.533 Thread 0x00000204e08b5f00 Unloading class 0x00000204e2019c00 'java/lang/invoke/LambdaForm$MH+0x00000204e2019c00'
Event: 4659.533 Thread 0x00000204e08b5f00 Unloading class 0x00000204e2019800 'java/lang/invoke/LambdaForm$MH+0x00000204e2019800'
Event: 4659.533 Thread 0x00000204e08b5f00 Unloading class 0x00000204e2018c00 'java/lang/invoke/LambdaForm$MH+0x00000204e2018c00'
Event: 4659.533 Thread 0x00000204e08b5f00 Unloading class 0x00000204e2018000 'java/lang/invoke/LambdaForm$MH+0x00000204e2018000'
Event: 4659.533 Thread 0x00000204e08b5f00 Unloading class 0x00000204e2005c00 'java/lang/invoke/LambdaForm$MH+0x00000204e2005c00'
Event: 4659.533 Thread 0x00000204e08b5f00 Unloading class 0x00000204e2005400 'java/lang/invoke/LambdaForm$MH+0x00000204e2005400'
Event: 4659.533 Thread 0x00000204e08b5f00 Unloading class 0x00000204e2005000 'java/lang/invoke/LambdaForm$MH+0x00000204e2005000'
Event: 4659.533 Thread 0x00000204e08b5f00 Unloading class 0x00000204e2002000 'java/lang/invoke/LambdaForm$MH+0x00000204e2002000'
Event: 4659.533 Thread 0x00000204e08b5f00 Unloading class 0x00000204e2001c00 'java/lang/invoke/LambdaForm$MH+0x00000204e2001c00'
Event: 4659.533 Thread 0x00000204e08b5f00 Unloading class 0x00000204e2001800 'java/lang/invoke/LambdaForm$MH+0x00000204e2001800'
Event: 4659.533 Thread 0x00000204e08b5f00 Unloading class 0x00000204e2001000 'java/lang/invoke/LambdaForm$MH+0x00000204e2001000'
Event: 4659.533 Thread 0x00000204e08b5f00 Unloading class 0x00000204e2000400 'java/lang/invoke/LambdaForm$MH+0x00000204e2000400'

Classes redefined (0 events):
No events

Internal exceptions (20 events):
Event: 22.492 Thread 0x00000205260b4980 Exception <a 'java/lang/NoSuchMethodError'{0x0000000084786c80}: 'java.lang.Object java.lang.invoke.DelegatingMethodHandle$Holder.reinvoke_L(java.lang.Object, double, double, double, double)'> (0x0000000084786c80) 
thrown [s\src\hotspot\share\interpreter\linkResolver.cpp, line 796]
Event: 22.493 Thread 0x00000205260b4980 Exception <a 'java/lang/NoSuchMethodError'{0x0000000084791ed8}: 'java.lang.Object java.lang.invoke.DirectMethodHandle$Holder.invokeStatic(java.lang.Object, java.lang.Object, int)'> (0x0000000084791ed8) 
thrown [s\src\hotspot\share\interpreter\linkResolver.cpp, line 796]
Event: 22.494 Thread 0x00000205260b4980 Exception <a 'java/lang/NoSuchMethodError'{0x0000000084796068}: 'void java.lang.invoke.DirectMethodHandle$Holder.invokeStatic(java.lang.Object, java.lang.Object, int, java.lang.Object)'> (0x0000000084796068) 
thrown [s\src\hotspot\share\interpreter\linkResolver.cpp, line 796]
Event: 22.494 Thread 0x00000205260b4980 Exception <a 'java/lang/NoSuchMethodError'{0x000000008479d098}: 'void java.lang.invoke.DelegatingMethodHandle$Holder.delegate(java.lang.Object, java.lang.Object, int, java.lang.Object)'> (0x000000008479d098) 
thrown [s\src\hotspot\share\interpreter\linkResolver.cpp, line 796]
Event: 23.948 Thread 0x00000205260b4980 Exception <a 'java/lang/NoSuchMethodError'{0x000000008413bc50}: 'java.lang.Object java.lang.invoke.DirectMethodHandle$Holder.invokeStaticInit(java.lang.Object, java.lang.Object, java.lang.Object)'> (0x000000008413bc50) 
thrown [s\src\hotspot\share\interpreter\linkResolver.cpp, line 796]
Event: 23.989 Thread 0x00000205260b4980 Exception <a 'java/lang/NoSuchMethodError'{0x00000000840c6498}: 'java.lang.Object java.lang.invoke.DirectMethodHandle$Holder.invokeSpecialIFC(java.lang.Object, java.lang.Object, java.lang.Object, java.lang.Object)'> (0x00000000840c6498) 
thrown [s\src\hotspot\share\interpreter\linkResolver.cpp, line 796]
Event: 28.694 Thread 0x00000205260b4980 Exception <a 'java/lang/NoSuchMethodError'{0x000000008539aaf8}: 'java.lang.Object java.lang.invoke.DirectMethodHandle$Holder.newInvokeSpecial(java.lang.Object, int, java.lang.Object)'> (0x000000008539aaf8) 
thrown [s\src\hotspot\share\interpreter\linkResolver.cpp, line 796]
Event: 31.539 Thread 0x00000205260b4980 Implicit null exception at 0x00000204d4032990 to 0x00000204d4032fe8
Event: 31.540 Thread 0x00000205260b4980 Implicit null exception at 0x00000204d3f83dac to 0x00000204d3f83e2c
Event: 33.356 Thread 0x00000205260b4980 Exception <a 'java/lang/NoSuchMethodError'{0x00000000850e89d8}: 'java.lang.Object java.lang.invoke.DirectMethodHandle$Holder.newInvokeSpecial(java.lang.Object, java.lang.Object, int, int, int, int, int, java.lang.Object)'> (0x00000000850e89d8) 
thrown [s\src\hotspot\share\interpreter\linkResolver.cpp, line 796]
Event: 33.360 Thread 0x00000205260b4980 Exception <a 'java/lang/NoSuchMethodError'{0x0000000084f5a2d8}: 'java.lang.Object java.lang.invoke.DirectMethodHandle$Holder.newInvokeSpecial(java.lang.Object, java.lang.Object, java.lang.Object, int, int, int, int, int)'> (0x0000000084f5a2d8) 
thrown [s\src\hotspot\share\interpreter\linkResolver.cpp, line 796]
Event: 33.361 Thread 0x00000205260b4980 Exception <a 'java/lang/NoSuchMethodError'{0x0000000084f61698}: 'java.lang.Object java.lang.invoke.Invokers$Holder.linkToTargetMethod(java.lang.Object, java.lang.Object, int, int, int, int, int, java.lang.Object)'> (0x0000000084f61698) 
thrown [s\src\hotspot\share\interpreter\linkResolver.cpp, line 796]
Event: 36.387 Thread 0x00000205260b4980 Implicit null exception at 0x00000204d3f9b924 to 0x00000204d3f9c89c
Event: 44.439 Thread 0x00000205260b4980 Implicit null exception at 0x00000204d404a540 to 0x00000204d404dd08
Event: 44.847 Thread 0x00000205260b4980 Implicit null exception at 0x00000204d3f59484 to 0x00000204d3f59520
Event: 44.847 Thread 0x00000205260b4980 Implicit null exception at 0x00000204d4086e20 to 0x00000204d4088564
Event: 66.966 Thread 0x00000205260059c0 Implicit null exception at 0x00000204d412b8cb to 0x00000204d412bac4
Event: 66.966 Thread 0x00000205260059c0 Implicit null exception at 0x00000204d4065bba to 0x00000204d4065c50
Event: 4513.354 Thread 0x00000205260059c0 Implicit null exception at 0x00000204d3e5af60 to 0x00000204d3e5afb9
Event: 4513.354 Thread 0x00000205260059c0 Implicit null exception at 0x00000204d40ebe0d to 0x00000204d40ec334

VM Operations (20 events):
Event: 4659.526 Executing VM operation: G1PauseRemark
Event: 4659.620 Executing VM operation: G1PauseRemark done
Event: 4659.633 Executing VM operation: G1PauseCleanup
Event: 4659.633 Executing VM operation: G1PauseCleanup done
Event: 4719.425 Executing VM operation: HandshakeAllThreads (HandshakeForDeflation)
Event: 4719.426 Executing VM operation: HandshakeAllThreads (HandshakeForDeflation) done
Event: 4719.426 Executing VM operation: RendezvousGCThreads
Event: 4719.426 Executing VM operation: RendezvousGCThreads done
Event: 4736.443 Executing VM operation: G1CollectForAllocation (G1 Evacuation Pause)
Event: 4736.448 Executing VM operation: G1CollectForAllocation (G1 Evacuation Pause) done
Event: 4779.670 Executing VM operation: HandshakeAllThreads (HandshakeForDeflation)
Event: 4779.670 Executing VM operation: HandshakeAllThreads (HandshakeForDeflation) done
Event: 4779.670 Executing VM operation: RendezvousGCThreads
Event: 4779.670 Executing VM operation: RendezvousGCThreads done
Event: 4816.089 Executing VM operation: G1CollectForAllocation (G1 Evacuation Pause)
Event: 4816.097 Executing VM operation: G1CollectForAllocation (G1 Evacuation Pause) done
Event: 4839.803 Executing VM operation: HandshakeAllThreads (HandshakeForDeflation)
Event: 4839.803 Executing VM operation: HandshakeAllThreads (HandshakeForDeflation) done
Event: 4839.803 Executing VM operation: RendezvousGCThreads
Event: 4839.803 Executing VM operation: RendezvousGCThreads done

Memory protections (0 events):
No events

Nmethod flushes (20 events):
Event: 4659.615 Thread 0x00000204e08b5f00 flushing  nmethod 0x00000204ccab4c88
Event: 4659.615 Thread 0x00000204e08b5f00 flushing  nmethod 0x00000204ccb5f488
Event: 4659.616 Thread 0x00000204e08b5f00 flushing  nmethod 0x00000204ccbd4d08
Event: 4659.616 Thread 0x00000204e08b5f00 flushing  nmethod 0x00000204ccc29288
Event: 4659.616 Thread 0x00000204e08b5f00 flushing  nmethod 0x00000204ccc2fe88
Event: 4659.616 Thread 0x00000204e08b5f00 flushing  nmethod 0x00000204ccc31a88
Event: 4659.616 Thread 0x00000204e08b5f00 flushing  nmethod 0x00000204ccc32d08
Event: 4659.616 Thread 0x00000204e08b5f00 flushing  nmethod 0x00000204ccc7ce08
Event: 4659.616 Thread 0x00000204e08b5f00 flushing  nmethod 0x00000204cccad908
Event: 4659.616 Thread 0x00000204e08b5f00 flushing  nmethod 0x00000204cccae108
Event: 4659.616 Thread 0x00000204e08b5f00 flushing  nmethod 0x00000204cccae808
Event: 4659.616 Thread 0x00000204e08b5f00 flushing  nmethod 0x00000204cccaef08
Event: 4659.616 Thread 0x00000204e08b5f00 flushing  nmethod 0x00000204cccaf808
Event: 4659.616 Thread 0x00000204e08b5f00 flushing  nmethod 0x00000204cccc9488
Event: 4659.616 Thread 0x00000204e08b5f00 flushing  nmethod 0x00000204cccca288
Event: 4659.616 Thread 0x00000204e08b5f00 flushing  nmethod 0x00000204cccd0308
Event: 4659.616 Thread 0x00000204e08b5f00 flushing  nmethod 0x00000204ccd33408
Event: 4659.616 Thread 0x00000204e08b5f00 flushing  nmethod 0x00000204ccd35c88
Event: 4659.616 Thread 0x00000204e08b5f00 flushing  nmethod 0x00000204ccd8b588
Event: 4659.616 Thread 0x00000204e08b5f00 flushing  nmethod 0x00000204cce22b08

Events (20 events):
Event: 24.960 Thread 0x00000204e0913e30 Thread added: 0x000002052c06e930
Event: 25.276 Thread 0x000002052c06e930 Thread exited: 0x000002052c06e930
Event: 26.251 Thread 0x00000204e0913e30 Thread added: 0x000002052c06db90
Event: 26.363 Thread 0x000002052c06db90 Thread exited: 0x000002052c06db90
Event: 28.090 Thread 0x00000204e0913e30 Thread added: 0x000002052c06e260
Event: 28.107 Thread 0x00000204e0913e30 Thread added: 0x000002052c071210
Event: 28.568 Thread 0x000002052c071210 Thread exited: 0x000002052c071210
Event: 28.653 Thread 0x00000204e0913e30 Thread added: 0x000002052c06db90
Event: 29.190 Thread 0x000002052c06db90 Thread exited: 0x000002052c06db90
Event: 29.191 Thread 0x000002052c06e260 Thread exited: 0x000002052c06e260
Event: 29.291 Thread 0x00000204e0913e30 Thread added: 0x000002052c070470
Event: 29.409 Thread 0x000002052c070470 Thread exited: 0x000002052c070470
Event: 31.554 Thread 0x00000204e0913e30 Thread added: 0x000002052c070470
Event: 31.785 Thread 0x000002052c070470 Thread exited: 0x000002052c070470
Event: 44.804 Thread 0x00000204e0913e30 Thread added: 0x000002052c06e260
Event: 44.834 Thread 0x00000204e0913e30 Thread added: 0x000002052c070470
Event: 45.763 Thread 0x000002052c070470 Thread exited: 0x000002052c070470
Event: 46.178 Thread 0x000002052c06e260 Thread exited: 0x000002052c06e260
Event: 4479.336 Thread 0x00000204e0913380 Thread added: 0x000002052c06f6d0
Event: 4480.188 Thread 0x000002052c06f6d0 Thread exited: 0x000002052c06f6d0


Dynamic libraries:
0x00007ff6191f0000 - 0x00007ff6191fe000 	C:\Users\natha\.jdks\liberica-full-23.0.1\bin\java.exe
0x00007ffe0c670000 - 0x00007ffe0c887000 	C:\WINDOWS\SYSTEM32\ntdll.dll
0x00007ffe0a390000 - 0x00007ffe0a454000 	C:\WINDOWS\System32\KERNEL32.DLL
0x00007ffe09fd0000 - 0x00007ffe0a389000 	C:\WINDOWS\System32\KERNELBASE.dll
0x00007ffe09e80000 - 0x00007ffe09f91000 	C:\WINDOWS\System32\ucrtbase.dll
0x00007ffdfc850000 - 0x00007ffdfc86b000 	C:\Users\natha\.jdks\liberica-full-23.0.1\bin\VCRUNTIME140.dll
0x00007ffe023c0000 - 0x00007ffe023d7000 	C:\Users\natha\.jdks\liberica-full-23.0.1\bin\jli.dll
0x00007ffe0b9c0000 - 0x00007ffe0bb6e000 	C:\WINDOWS\System32\USER32.dll
0x00007ffe09bb0000 - 0x00007ffe09bd6000 	C:\WINDOWS\System32\win32u.dll
0x00007ffde7450000 - 0x00007ffde76e2000 	C:\WINDOWS\WinSxS\amd64_microsoft.windows.common-controls_6595b64144ccf1df_6.0.22621.4391_none_2715d37f73803e96\COMCTL32.dll
0x00007ffe0ac90000 - 0x00007ffe0ad37000 	C:\WINDOWS\System32\msvcrt.dll
0x00007ffe0c500000 - 0x00007ffe0c529000 	C:\WINDOWS\System32\GDI32.dll
0x00007ffe09970000 - 0x00007ffe09a8b000 	C:\WINDOWS\System32\gdi32full.dll
0x00007ffe09a90000 - 0x00007ffe09b2a000 	C:\WINDOWS\System32\msvcp_win.dll
0x00007ffe0b7d0000 - 0x00007ffe0b801000 	C:\WINDOWS\System32\IMM32.DLL
0x00007ffe05500000 - 0x00007ffe0550c000 	C:\Users\natha\.jdks\liberica-full-23.0.1\bin\vcruntime140_1.dll
0x00007ffdfbfe0000 - 0x00007ffdfc06e000 	C:\Users\natha\.jdks\liberica-full-23.0.1\bin\msvcp140.dll
0x00007ffd49b80000 - 0x00007ffd4a95e000 	C:\Users\natha\.jdks\liberica-full-23.0.1\bin\server\jvm.dll
0x00007ffe0ad40000 - 0x00007ffe0adf2000 	C:\WINDOWS\System32\ADVAPI32.dll
0x00007ffe0b8f0000 - 0x00007ffe0b997000 	C:\WINDOWS\System32\sechost.dll
0x00007ffe09fa0000 - 0x00007ffe09fc8000 	C:\WINDOWS\System32\bcrypt.dll
0x00007ffe0ae00000 - 0x00007ffe0af14000 	C:\WINDOWS\System32\RPCRT4.dll
0x00007ffe0af20000 - 0x00007ffe0af91000 	C:\WINDOWS\System32\WS2_32.dll
0x00007ffe087e0000 - 0x00007ffe0882d000 	C:\WINDOWS\SYSTEM32\POWRPROF.dll
0x00007ffe06ae0000 - 0x00007ffe06b14000 	C:\WINDOWS\SYSTEM32\WINMM.dll
0x00007ffe04e70000 - 0x00007ffe04e7a000 	C:\WINDOWS\SYSTEM32\VERSION.dll
0x00007ffe087a0000 - 0x00007ffe087b3000 	C:\WINDOWS\SYSTEM32\UMPDC.dll
0x00007ffe08a60000 - 0x00007ffe08a78000 	C:\WINDOWS\SYSTEM32\kernel.appcore.dll
0x00007ffdfc840000 - 0x00007ffdfc84a000 	C:\Users\natha\.jdks\liberica-full-23.0.1\bin\jimage.dll
0x00007ffe06640000 - 0x00007ffe06872000 	C:\WINDOWS\SYSTEM32\DBGHELP.DLL
0x00007ffe0a870000 - 0x00007ffe0abff000 	C:\WINDOWS\System32\combase.dll
0x00007ffe0b590000 - 0x00007ffe0b667000 	C:\WINDOWS\System32\OLEAUT32.dll
0x00007ffde5a90000 - 0x00007ffde5ac2000 	C:\WINDOWS\SYSTEM32\dbgcore.DLL
0x00007ffe09b30000 - 0x00007ffe09bab000 	C:\WINDOWS\System32\bcryptPrimitives.dll
0x00007ffdfc830000 - 0x00007ffdfc83f000 	C:\Users\natha\.jdks\liberica-full-23.0.1\bin\instrument.dll
0x00007ffdfc810000 - 0x00007ffdfc82e000 	C:\Users\natha\.jdks\liberica-full-23.0.1\bin\java.dll
0x00007ffe0a6b0000 - 0x00007ffe0a855000 	C:\WINDOWS\System32\ole32.dll
0x00007ffe0bb70000 - 0x00007ffe0c3e6000 	C:\WINDOWS\System32\SHELL32.dll
0x00007ffe07870000 - 0x00007ffe08173000 	C:\WINDOWS\SYSTEM32\windows.storage.dll
0x00007ffe07730000 - 0x00007ffe0786f000 	C:\WINDOWS\SYSTEM32\wintypes.dll
0x00007ffe0c530000 - 0x00007ffe0c629000 	C:\WINDOWS\System32\SHCORE.dll
0x00007ffe0b810000 - 0x00007ffe0b86e000 	C:\WINDOWS\System32\shlwapi.dll
0x00007ffe098a0000 - 0x00007ffe098cb000 	C:\WINDOWS\SYSTEM32\profapi.dll
0x00007ffdf3f00000 - 0x00007ffdf3fd7000 	C:\Users\natha\.jdks\liberica-full-23.0.1\bin\jsvml.dll
0x00007ffdfc4d0000 - 0x00007ffdfc4e7000 	C:\Users\natha\.jdks\liberica-full-23.0.1\bin\zip.dll
0x00007ffdfc800000 - 0x00007ffdfc810000 	C:\Users\natha\.jdks\liberica-full-23.0.1\bin\net.dll
0x00007ffe08ed0000 - 0x00007ffe08f39000 	C:\WINDOWS\system32\mswsock.dll
0x00007ffdfc4b0000 - 0x00007ffdfc4c6000 	C:\Users\natha\.jdks\liberica-full-23.0.1\bin\nio.dll
0x00007ffdfbf40000 - 0x00007ffdfbf5a000 	C:\Program Files\JetBrains\IntelliJ IDEA Community Edition 2024.3\bin\breakgen64.dll
0x00007ffdfbfd0000 - 0x00007ffdfbfd9000 	C:\Users\natha\.jdks\liberica-full-23.0.1\bin\extnet.dll
0x00000204c24d0000 - 0x00000204c24d4000 	C:\Users\natha\.jdks\liberica-full-23.0.1\bin\api-ms-win-core-console-l1-1-0.dll
0x00000204c24e0000 - 0x00000204c24e4000 	C:\Users\natha\.jdks\liberica-full-23.0.1\bin\api-ms-win-core-console-l1-2-0.dll
0x00000204c24f0000 - 0x00000204c24f4000 	C:\Users\natha\.jdks\liberica-full-23.0.1\bin\api-ms-win-core-datetime-l1-1-0.dll
0x00000204c2500000 - 0x00000204c2504000 	C:\Users\natha\.jdks\liberica-full-23.0.1\bin\api-ms-win-core-debug-l1-1-0.dll
0x00000204c2510000 - 0x00000204c2514000 	C:\Users\natha\.jdks\liberica-full-23.0.1\bin\api-ms-win-core-errorhandling-l1-1-0.dll
0x00000204c2520000 - 0x00000204c2525000 	C:\Users\natha\.jdks\liberica-full-23.0.1\bin\api-ms-win-core-file-l1-1-0.dll
0x00000204c2530000 - 0x00000204c2534000 	C:\Users\natha\.jdks\liberica-full-23.0.1\bin\api-ms-win-core-file-l1-2-0.dll
0x00000204c2540000 - 0x00000204c2544000 	C:\Users\natha\.jdks\liberica-full-23.0.1\bin\api-ms-win-core-file-l2-1-0.dll
0x00000204c2550000 - 0x00000204c2554000 	C:\Users\natha\.jdks\liberica-full-23.0.1\bin\api-ms-win-core-handle-l1-1-0.dll
0x00000204e0d30000 - 0x00000204e0d34000 	C:\Users\natha\.jdks\liberica-full-23.0.1\bin\api-ms-win-core-heap-l1-1-0.dll
0x00000204e0d40000 - 0x00000204e0d44000 	C:\Users\natha\.jdks\liberica-full-23.0.1\bin\api-ms-win-core-interlocked-l1-1-0.dll
0x00000204e0d50000 - 0x00000204e0d54000 	C:\Users\natha\.jdks\liberica-full-23.0.1\bin\api-ms-win-core-libraryloader-l1-1-0.dll
0x00000204e0d60000 - 0x00000204e0d64000 	C:\Users\natha\.jdks\liberica-full-23.0.1\bin\api-ms-win-core-localization-l1-2-0.dll
0x00000204e0d70000 - 0x00000204e0d74000 	C:\Users\natha\.jdks\liberica-full-23.0.1\bin\api-ms-win-core-memory-l1-1-0.dll
0x00000204e0d80000 - 0x00000204e0d84000 	C:\Users\natha\.jdks\liberica-full-23.0.1\bin\api-ms-win-core-namedpipe-l1-1-0.dll
0x00000204e0d90000 - 0x00000204e0d94000 	C:\Users\natha\.jdks\liberica-full-23.0.1\bin\api-ms-win-core-processenvironment-l1-1-0.dll
0x00000204e0da0000 - 0x00000204e0da4000 	C:\Users\natha\.jdks\liberica-full-23.0.1\bin\api-ms-win-core-processthreads-l1-1-0.dll
0x00000204e0db0000 - 0x00000204e0db4000 	C:\Users\natha\.jdks\liberica-full-23.0.1\bin\api-ms-win-core-processthreads-l1-1-1.dll
0x00000204e0dc0000 - 0x00000204e0dc4000 	C:\Users\natha\.jdks\liberica-full-23.0.1\bin\api-ms-win-core-profile-l1-1-0.dll
0x00000204e0dd0000 - 0x00000204e0dd4000 	C:\Users\natha\.jdks\liberica-full-23.0.1\bin\api-ms-win-core-rtlsupport-l1-1-0.dll
0x00000204e0de0000 - 0x00000204e0de4000 	C:\Users\natha\.jdks\liberica-full-23.0.1\bin\api-ms-win-core-string-l1-1-0.dll
0x00000204e0df0000 - 0x00000204e0df4000 	C:\Users\natha\.jdks\liberica-full-23.0.1\bin\api-ms-win-core-synch-l1-1-0.dll
0x00000204e0e00000 - 0x00000204e0e04000 	C:\Users\natha\.jdks\liberica-full-23.0.1\bin\api-ms-win-core-synch-l1-2-0.dll
0x00000204e0e10000 - 0x00000204e0e14000 	C:\Users\natha\.jdks\liberica-full-23.0.1\bin\api-ms-win-core-sysinfo-l1-1-0.dll
0x00000204e0e20000 - 0x00000204e0e24000 	C:\Users\natha\.jdks\liberica-full-23.0.1\bin\api-ms-win-core-timezone-l1-1-0.dll
0x00000204e0e30000 - 0x00000204e0e34000 	C:\Users\natha\.jdks\liberica-full-23.0.1\bin\api-ms-win-core-util-l1-1-0.dll
0x00000204e0e40000 - 0x00000204e0e44000 	C:\Users\natha\.jdks\liberica-full-23.0.1\bin\api-ms-win-crt-conio-l1-1-0.dll
0x00000204e0e50000 - 0x00000204e0e55000 	C:\Users\natha\.jdks\liberica-full-23.0.1\bin\api-ms-win-crt-convert-l1-1-0.dll
0x00000204e0e60000 - 0x00000204e0e64000 	C:\Users\natha\.jdks\liberica-full-23.0.1\bin\api-ms-win-crt-environment-l1-1-0.dll
0x00000204e0e70000 - 0x00000204e0e74000 	C:\Users\natha\.jdks\liberica-full-23.0.1\bin\api-ms-win-crt-filesystem-l1-1-0.dll
0x00000204e0e80000 - 0x00000204e0e84000 	C:\Users\natha\.jdks\liberica-full-23.0.1\bin\api-ms-win-crt-heap-l1-1-0.dll
0x00000204e0e90000 - 0x00000204e0e94000 	C:\Users\natha\.jdks\liberica-full-23.0.1\bin\api-ms-win-crt-locale-l1-1-0.dll
0x00000204e0ea0000 - 0x00000204e0ea6000 	C:\Users\natha\.jdks\liberica-full-23.0.1\bin\api-ms-win-crt-math-l1-1-0.dll
0x00000204e0eb0000 - 0x00000204e0eb6000 	C:\Users\natha\.jdks\liberica-full-23.0.1\bin\api-ms-win-crt-multibyte-l1-1-0.dll
0x00000204e0ec0000 - 0x00000204e0ed1000 	C:\Users\natha\.jdks\liberica-full-23.0.1\bin\api-ms-win-crt-private-l1-1-0.dll
0x00000204e0ee0000 - 0x00000204e0ee4000 	C:\Users\natha\.jdks\liberica-full-23.0.1\bin\api-ms-win-crt-process-l1-1-0.dll
0x00000204e0ef0000 - 0x00000204e0ef5000 	C:\Users\natha\.jdks\liberica-full-23.0.1\bin\api-ms-win-crt-runtime-l1-1-0.dll
0x00000204e0f00000 - 0x00000204e0f05000 	C:\Users\natha\.jdks\liberica-full-23.0.1\bin\api-ms-win-crt-stdio-l1-1-0.dll
0x00000204e0f10000 - 0x00000204e0f15000 	C:\Users\natha\.jdks\liberica-full-23.0.1\bin\api-ms-win-crt-string-l1-1-0.dll
0x00000204e0f20000 - 0x00000204e0f24000 	C:\Users\natha\.jdks\liberica-full-23.0.1\bin\api-ms-win-crt-time-l1-1-0.dll
0x00000204e0f30000 - 0x00000204e0f34000 	C:\Users\natha\.jdks\liberica-full-23.0.1\bin\api-ms-win-crt-utility-l1-1-0.dll
0x00007ffdac8e0000 - 0x00007ffdac9f1000 	C:\Users\natha\.jdks\liberica-full-23.0.1\bin\ucrtbase.dll
0x00007ffdfbf30000 - 0x00007ffdfbf39000 	C:\Users\natha\.jdks\liberica-full-23.0.1\bin\msvcp140_1.dll
0x00007ffdf3e50000 - 0x00007ffdf3e80000 	C:\Users\natha\.jdks\liberica-full-23.0.1\bin\msvcp140_2.dll
0x00007ffdf3e20000 - 0x00007ffdf3e4f000 	C:\Users\natha\.jdks\liberica-full-23.0.1\bin\prism_d3d.dll
0x00007ffdbaea0000 - 0x00007ffdbb048000 	C:\WINDOWS\system32\d3d9.dll
0x00007ffe07000000 - 0x00007ffe0702b000 	C:\WINDOWS\SYSTEM32\dwmapi.dll
0x00007ffe07070000 - 0x00007ffe070a7000 	C:\WINDOWS\SYSTEM32\dxcore.dll
0x00007ffe06d70000 - 0x00007ffe06e21000 	C:\WINDOWS\system32\uxtheme.dll
0x00007ffdbad30000 - 0x00007ffdbae93000 	C:\WINDOWS\System32\DriverStore\FileRepository\iigd_dch.inf_amd64_35bb87b7e5b3c943\igdumdim64.dll
0x00007ffdb65a0000 - 0x00007ffdbad25000 	C:\WINDOWS\System32\DriverStore\FileRepository\iigd_dch.inf_amd64_35bb87b7e5b3c943\igd9dxva64.dll
0x00007ffe0afa0000 - 0x00007ffe0b414000 	C:\WINDOWS\System32\SETUPAPI.dll
0x00007ffe09660000 - 0x00007ffe096ae000 	C:\WINDOWS\SYSTEM32\cfgmgr32.dll
0x00007ffdfd0b0000 - 0x00007ffdfd331000 	C:\WINDOWS\System32\DriverStore\FileRepository\iigd_dch.inf_amd64_35bb87b7e5b3c943\igdgmm64.dll
0x00007ffe010a0000 - 0x00007ffe010e9000 	C:\WINDOWS\SYSTEM32\directxdatabasehelper.dll
0x00007ffdf3dd0000 - 0x00007ffdf3e15000 	C:\Users\natha\.jdks\liberica-full-23.0.1\bin\glass.dll
0x00007ffe0c3f0000 - 0x00007ffe0c4ef000 	C:\WINDOWS\System32\COMDLG32.dll
0x00007ffe0b670000 - 0x00007ffe0b7d0000 	C:\WINDOWS\System32\MSCTF.dll
0x00007ffdb1880000 - 0x00007ffdb18a7000 	C:\WINDOWS\System32\DriverStore\FileRepository\iigd_dch.inf_amd64_35bb87b7e5b3c943\igdinfo64.dll
0x00007ffdf60e0000 - 0x00007ffdf8f24000 	C:\WINDOWS\System32\DriverStore\FileRepository\iigd_dch.inf_amd64_35bb87b7e5b3c943\igc64.dll
0x00007ffe0b420000 - 0x00007ffe0b4d0000 	C:\WINDOWS\System32\clbcatq.dll
0x00007ffdfc180000 - 0x00007ffdfc2f9000 	C:\Windows\System32\Windows.UI.dll
0x00007ffddbb80000 - 0x00007ffddbcf5000 	C:\Windows\System32\Windows.UI.Immersive.dll
0x00007ffdf3db0000 - 0x00007ffdf3dc5000 	C:\Users\natha\.jdks\liberica-full-23.0.1\bin\javafx_font.dll
0x00007ffe06200000 - 0x00007ffe06473000 	C:\WINDOWS\SYSTEM32\dwrite.dll
0x00007ffe09110000 - 0x00007ffe0912b000 	C:\WINDOWS\SYSTEM32\CRYPTSP.dll
0x00007ffe089c0000 - 0x00007ffe089f5000 	C:\WINDOWS\system32\rsaenh.dll
0x00007ffe08f80000 - 0x00007ffe08fa8000 	C:\WINDOWS\SYSTEM32\USERENV.dll
0x00007ffe09100000 - 0x00007ffe0910c000 	C:\WINDOWS\SYSTEM32\CRYPTBASE.dll
0x00007ffe08490000 - 0x00007ffe084bd000 	C:\WINDOWS\SYSTEM32\IPHLPAPI.DLL
0x00007ffe0b580000 - 0x00007ffe0b589000 	C:\WINDOWS\System32\NSI.dll
0x00007ffdfbf20000 - 0x00007ffdfbf2e000 	C:\Users\natha\.jdks\liberica-full-23.0.1\bin\sunmscapi.dll
0x00007ffe09d10000 - 0x00007ffe09e76000 	C:\WINDOWS\System32\CRYPT32.dll
0x00007ffe09310000 - 0x00007ffe0933d000 	C:\WINDOWS\SYSTEM32\ncrypt.dll
0x00007ffe092d0000 - 0x00007ffe09307000 	C:\WINDOWS\SYSTEM32\NTASN1.dll
0x00007ffe08510000 - 0x00007ffe08612000 	C:\WINDOWS\SYSTEM32\DNSAPI.dll
0x00007ffdfbb30000 - 0x00007ffdfbb3a000 	C:\Windows\System32\rasadhlp.dll
0x00007ffe06b80000 - 0x00007ffe06d30000 	C:\WINDOWS\SYSTEM32\WindowsCodecs.dll

dbghelp: loaded successfully - version: 4.0.5 - missing functions: none
symbol engine: initialized successfully - sym options: 0x614 - pdb path: .;C:\Users\natha\.jdks\liberica-full-23.0.1\bin;C:\WINDOWS\SYSTEM32;C:\WINDOWS\WinSxS\amd64_microsoft.windows.common-controls_6595b64144ccf1df_6.0.22621.4391_none_2715d37f73803e96;C:\Users\natha\.jdks\liberica-full-23.0.1\bin\server;C:\Program Files\JetBrains\IntelliJ IDEA Community Edition 2024.3\bin;C:\WINDOWS\System32\DriverStore\FileRepository\iigd_dch.inf_amd64_35bb87b7e5b3c943;C:\Program Files\Common Files\Microsoft Shared\Ink

VM Arguments:
jvm_args: -javaagent:C:\Program Files\JetBrains\IntelliJ IDEA Community Edition 2024.3\lib\idea_rt.jar=52899:C:\Program Files\JetBrains\IntelliJ IDEA Community Edition 2024.3\bin -Dfile.encoding=UTF-8 -Dsun.stdout.encoding=UTF-8 -Dsun.stderr.encoding=UTF-8 
java_command: Main
java_class_path (initial): C:\Users\natha\IdeaProjects\BarangaySystem\out\production\BarangaySystem;C:\Users\natha\.m2\repository\io\github\palexdev\materialfx\11.13.5\materialfx-11.13.5.jar;C:\Users\natha\.m2\repository\io\github\palexdev\virtualizedfx\11.2.6\virtualizedfx-11.2.6.jar;C:\Users\natha\.m2\repository\de\jensd\fontawesomefx\8.9\fontawesomefx-8.9.jar;C:\Users\natha\IdeaProjects\BarangaySystem\lib\mysql-connector-j-9.1.0.jar
Launcher Type: SUN_STANDARD

[Global flags]
     intx CICompilerCount                          = 4                                         {product} {ergonomic}
     uint ConcGCThreads                            = 2                                         {product} {ergonomic}
     uint G1ConcRefinementThreads                  = 8                                         {product} {ergonomic}
   size_t G1HeapRegionSize                         = 1048576                                   {product} {ergonomic}
   size_t InitialHeapSize                          = 132120576                                 {product} {ergonomic}
   size_t MarkStackSize                            = 4194304                                   {product} {ergonomic}
   size_t MarkStackSizeMax                         = 536870912                                 {product} {ergonomic}
   size_t MaxHeapSize                              = 2105540608                                {product} {ergonomic}
   size_t MaxNewSize                               = 1262485504                                {product} {ergonomic}
   size_t MinHeapDeltaBytes                        = 1048576                                   {product} {ergonomic}
   size_t MinHeapSize                              = 8388608                                   {product} {ergonomic}
    uintx NonNMethodCodeHeapSize                   = 5832704                                {pd product} {ergonomic}
    uintx NonProfiledCodeHeapSize                  = 122945536                              {pd product} {ergonomic}
    uintx ProfiledCodeHeapSize                     = 122880000                              {pd product} {ergonomic}
    uintx ReservedCodeCacheSize                    = 251658240                              {pd product} {ergonomic}
     bool SegmentedCodeCache                       = true                                      {product} {ergonomic}
   size_t SoftMaxHeapSize                          = 2105540608                             {manageable} {ergonomic}
     bool UseCompressedOops                        = true                           {product lp64_product} {ergonomic}
     bool UseG1GC                                  = true                                      {product} {ergonomic}
     bool UseLargePagesIndividualAllocation        = false                                  {pd product} {ergonomic}

Logging:
Log output configuration:
 #0: stdout all=warning uptime,level,tags foldmultilines=false
 #1: stderr all=off uptime,level,tags foldmultilines=false

Environment Variables:
PATH=C:\Python312\Scripts\;C:\Python312\;C:\WINDOWS\system32;C:\WINDOWS;C:\WINDOWS\System32\Wbem;C:\WINDOWS\System32\WindowsPowerShell\v1.0\;C:\WINDOWS\System32\OpenSSH\;C:\Program Files\Git\cmd;C:\Program Files\Microsoft SQL Server\150\Tools\Binn\;C:\Program Files\Microsoft SQL Server\Client SDK\ODBC\170\Tools\Binn\;C:\Program Files (x86)\Microsoft SQL Server\160\Tools\Binn\;C:\Program Files\Microsoft SQL Server\160\Tools\Binn\;C:\Program Files\Microsoft SQL Server\160\DTS\Binn\;C:\Program Files\dotnet\;C:\php-8.3.9;C:\ProgramData\ComposerSetup\bin;C:\Program Files\nodejs\;C:\ProgramData\chocolatey\bin;C:\Users\natha\.config\herd\bin\nvm;C:\Program Files\nodejs;C:\Program Files\GitHub CLI\;C:\Program Files\PowerShell\7\;C:\Program Files\PowerShell\7-preview\preview;C:\Program Files\MySQL\MySQL Shell 8.0\bin\;C:\Users\natha\.config\herd\bin;C:\Users\natha\AppData\Local\Microsoft\WindowsApps;C:\Users\natha\AppData\Local\Programs\Microsoft VS Code\bin;C:\Users\natha\.dotnet\tools;C:\Users\natha\AppData\Roaming\Composer\vendor\bin;C:\Users\natha\AppData\Roaming\npm;C:\Users\natha\.fly\bin;C:\Program Files\JetBrains\PhpStorm 2024.2.1\bin;
USERNAME=natha
OS=Windows_NT
PROCESSOR_IDENTIFIER=Intel64 Family 6 Model 142 Stepping 12, GenuineIntel
TMP=C:\Users\natha\AppData\Local\Temp
TEMP=C:\Users\natha\AppData\Local\Temp




Periodic native trim disabled

---------------  S Y S T E M  ---------------

OS:
 Windows 11 , 64 bit Build 22621 (10.0.22621.4391)
OS uptime: 0 days 6:28 hours
Hyper-V role detected

CPU: total 8 (initial active 8) (4 cores per cpu, 2 threads per core) family 6 model 142 stepping 12 microcode 0xde, cx8, cmov, fxsr, ht, mmx, 3dnowpref, sse, sse2, sse3, ssse3, sse4.1, sse4.2, popcnt, lzcnt, tsc, tscinvbit, avx, avx2, aes, erms, clmul, bmi1, bmi2, adx, fma, vzeroupper, clflush, clflushopt, hv, rdtscp, f16c
Processor Information for the first 8 processors :
  Max Mhz: 2112, Current Mhz: 2112, Mhz Limit: 1605

Memory: 4k page, system-wide physical 8025M (751M free)
TotalPageFile size 19988M (AvailPageFile size 0M)
current process WorkingSet (physical memory assigned to process): 121M, peak: 332M
current process commit charge ("private bytes"): 296M, peak: 332M

vm_info: OpenJDK 64-Bit Server VM (23.0.1+13) for windows-amd64 JRE (23.0.1+13), built on 2024-10-09T10:12:09Z with MS VC++ 17.1 (VS2022)

END.
